c:\users\yvyda\source\repos\littlevulkanengine\littlevulkanengine\x64\debug\vc143.pdb
c:\users\yvyda\source\repos\littlevulkanengine\littlevulkanengine\x64\debug\vc143.idb
c:\users\yvyda\source\repos\littlevulkanengine\littlevulkanengine\x64\debug\main.obj
c:\users\yvyda\source\repos\littlevulkanengine\littlevulkanengine\x64\debug\lve_window.obj
c:\users\yvyda\source\repos\littlevulkanengine\littlevulkanengine\x64\debug\first_app.obj
c:\users\yvyda\source\repos\littlevulkanengine\littlevulkanengine\x64\debug\littlevulkanengine.ilk
c:\users\yvyda\source\repos\littlevulkanengine\x64\debug\littlevulkanengine.pdb
c:\users\yvyda\source\repos\littlevulkanengine\littlevulkanengine\x64\debug\littlevu.3519ef66.tlog\cl.command.1.tlog
c:\users\yvyda\source\repos\littlevulkanengine\littlevulkanengine\x64\debug\littlevu.3519ef66.tlog\cl.items.tlog
c:\users\yvyda\source\repos\littlevulkanengine\littlevulkanengine\x64\debug\littlevu.3519ef66.tlog\cl.read.1.tlog
c:\users\yvyda\source\repos\littlevulkanengine\littlevulkanengine\x64\debug\littlevu.3519ef66.tlog\cl.write.1.tlog
c:\users\yvyda\source\repos\littlevulkanengine\littlevulkanengine\x64\debug\littlevu.3519ef66.tlog\link-cvtres.read.1.tlog
c:\users\yvyda\source\repos\littlevulkanengine\littlevulkanengine\x64\debug\littlevu.3519ef66.tlog\link-cvtres.write.1.tlog
c:\users\yvyda\source\repos\littlevulkanengine\littlevulkanengine\x64\debug\littlevu.3519ef66.tlog\link-rc.read.1.tlog
c:\users\yvyda\source\repos\littlevulkanengine\littlevulkanengine\x64\debug\littlevu.3519ef66.tlog\link-rc.write.1.tlog
c:\users\yvyda\source\repos\littlevulkanengine\littlevulkanengine\x64\debug\littlevu.3519ef66.tlog\link.7172-cvtres.read.1.tlog
c:\users\yvyda\source\repos\littlevulkanengine\littlevulkanengine\x64\debug\littlevu.3519ef66.tlog\link.7172-cvtres.write.1.tlog
c:\users\yvyda\source\repos\littlevulkanengine\littlevulkanengine\x64\debug\littlevu.3519ef66.tlog\link.7172-rc.read.1.tlog
c:\users\yvyda\source\repos\littlevulkanengine\littlevulkanengine\x64\debug\littlevu.3519ef66.tlog\link.7172-rc.write.1.tlog
c:\users\yvyda\source\repos\littlevulkanengine\littlevulkanengine\x64\debug\littlevu.3519ef66.tlog\link.7172.read.1.tlog
c:\users\yvyda\source\repos\littlevulkanengine\littlevulkanengine\x64\debug\littlevu.3519ef66.tlog\link.7172.read.2.tlog
c:\users\yvyda\source\repos\littlevulkanengine\littlevulkanengine\x64\debug\littlevu.3519ef66.tlog\link.7172.write.1.tlog
c:\users\yvyda\source\repos\littlevulkanengine\littlevulkanengine\x64\debug\littlevu.3519ef66.tlog\link.command.1.tlog
c:\users\yvyda\source\repos\littlevulkanengine\littlevulkanengine\x64\debug\littlevu.3519ef66.tlog\link.read.1.tlog
c:\users\yvyda\source\repos\littlevulkanengine\littlevulkanengine\x64\debug\littlevu.3519ef66.tlog\link.read.2.tlog
c:\users\yvyda\source\repos\littlevulkanengine\littlevulkanengine\x64\debug\littlevu.3519ef66.tlog\link.secondary.1.tlog
c:\users\yvyda\source\repos\littlevulkanengine\littlevulkanengine\x64\debug\littlevu.3519ef66.tlog\link.write.1.tlog
